<?xml version="1.0" encoding="UTF-8"?>
<testng-results skipped="0" failed="0" ignored="0" total="1" passed="1">
  <reporter-output>
  </reporter-output>
  <suite name="Default suite" duration-ms="14754" started-at="2018-01-01T19:26:37Z" finished-at="2018-01-01T19:26:52Z">
    <groups>
      <group name="cucumber">
        <method signature="AbstractTestNGCucumberTests.feature(cucumber.api.testng.CucumberFeatureWrapper)[pri:0, instance:com.cucumber.runner.TestRunnerDemo@5cb9f472]" name="feature" class="cucumber.api.testng.AbstractTestNGCucumberTests"/>
      </group> <!-- cucumber -->
    </groups>
    <test name="Default test" duration-ms="14754" started-at="2018-01-01T19:26:37Z" finished-at="2018-01-01T19:26:52Z">
      <class name="com.cucumber.runner.TestRunnerDemo">
        <test-method status="PASS" signature="setUpClass()[pri:0, instance:com.cucumber.runner.TestRunnerDemo@5cb9f472]" name="setUpClass" is-config="true" duration-ms="354" started-at="2018-01-01T12:26:37Z" finished-at="2018-01-01T12:26:38Z">
          <reporter-output>
          </reporter-output>
        </test-method> <!-- setUpClass -->
        <test-method status="PASS" signature="setUp()[pri:0, instance:com.cucumber.runner.TestRunnerDemo@5cb9f472]" name="setUp" is-config="true" duration-ms="1" started-at="2018-01-01T12:26:38Z" finished-at="2018-01-01T12:26:38Z">
          <reporter-output>
          </reporter-output>
        </test-method> <!-- setUp -->
        <test-method status="PASS" signature="feature(cucumber.api.testng.CucumberFeatureWrapper)[pri:0, instance:com.cucumber.runner.TestRunnerDemo@5cb9f472]" name="feature" duration-ms="13752" started-at="2018-01-01T12:26:38Z" description="Runs Cucumber Feature" data-provider="features" finished-at="2018-01-01T12:26:51Z">
          <params>
            <param index="0">
              <value>
                <![CDATA[About Smoke Login Functionality]]>
              </value>
            </param>
          </params>
          <reporter-output>
          </reporter-output>
        </test-method> <!-- feature -->
        <test-method status="PASS" signature="reportSetup()[pri:0, instance:com.cucumber.runner.TestRunnerDemo@5cb9f472]" name="reportSetup" is-config="true" duration-ms="18" started-at="2018-01-01T12:26:51Z" finished-at="2018-01-01T12:26:52Z">
          <reporter-output>
          </reporter-output>
        </test-method> <!-- reportSetup -->
        <test-method status="PASS" signature="tearDownClass()[pri:0, instance:com.cucumber.runner.TestRunnerDemo@5cb9f472]" name="tearDownClass" is-config="true" duration-ms="444" started-at="2018-01-01T12:26:52Z" finished-at="2018-01-01T12:26:52Z">
          <reporter-output>
          </reporter-output>
        </test-method> <!-- tearDownClass -->
      </class> <!-- com.cucumber.runner.TestRunnerDemo -->
    </test> <!-- Default test -->
  </suite> <!-- Default suite -->
</testng-results>
